<?xml version="1.0" encoding="UTF-8"?>
<testsuite name="ATB6XRestAssuredLearning"
           tests="3"
           failures="0"
           errors="0"
           skipped="0"
           time="0.140">
    <properties></properties>



            <testcase
                name="testPutReq"
                time="0.000"
                classname="com.thetestingacademy.ex_25062024.Lab283">
            </testcase>
            <testcase
                name="getBookingID"
                time="0.000"
                classname="com.thetestingacademy.ex_25062024.Lab283">
            </testcase>
            <testcase
                name="getToken"
                time="0.140"
                classname="com.thetestingacademy.ex_25062024.Lab283">
            </testcase>
</testsuite>
