<?xml version="1.0" encoding="UTF-8"?>
<testsuite name="E:/TestingAcademy/ATB6XRestAssuredLearning"
           tests="3"
           failures="0"
           errors="0"
           skipped="0"
           time="0.150">
    <properties></properties>



            <testcase
                name="testMethodTwo"
                time="0.009"
                classname="com.thetestingacademy.ex_25062024.Lab278">
            </testcase>
            <testcase
                name="testMethodZero"
                time="0.136"
                classname="com.thetestingacademy.ex_25062024.Lab278">
            </testcase>
            <testcase
                name="testMethodOne"
                time="0.005"
                classname="com.thetestingacademy.ex_25062024.Lab278">
            </testcase>
</testsuite>
