<?xml version="1.0" encoding="UTF-8"?>
<testsuite name="ATB6XRestAssuredLearning"
           tests="3"
           failures="0"
           errors="0"
           skipped="0"
           time="0.152">
    <properties></properties>



            <testcase
                name="testAuthToGetToken"
                time="0.007"
                classname="com.thetestingacademy.ex_25062024.Lab285">
            </testcase>
            <testcase
                name="testAuthToGetToken"
                time="0.004"
                classname="com.thetestingacademy.ex_25062024.Lab285">
            </testcase>
            <testcase
                name="testAuthToGetToken"
                time="0.141"
                classname="com.thetestingacademy.ex_25062024.Lab285">
            </testcase>
</testsuite>
