<?xml version="1.0" encoding="UTF-8"?>
<testsuite name="ATB6XRestAssuredLearning"
           tests="2"
           failures="0"
           errors="0"
           skipped="0"
           time="4.886">
    <properties></properties>



            <testcase
                name="getRequestNonBDDStyle2"
                time="0.813"
                classname="com.thetestingacademy.ex_22062024.CRUD.GET.NonBDDStyle.Lab270">
            </testcase>
            <testcase
                name="getRequestNonBDDStyle"
                time="4.073"
                classname="com.thetestingacademy.ex_22062024.CRUD.GET.NonBDDStyle.Lab270">
            </testcase>
</testsuite>
